<?xml version="1.0" encoding="UTF-8"?>
<testng-results skipped="0" failed="0" ignored="0" total="1" passed="1">
  <reporter-output>
  </reporter-output>
  <suite name="Suite" duration-ms="28596" started-at="2018-07-21T07:28:29Z" finished-at="2018-07-21T07:28:57Z">
    <groups>
    </groups>
    <test name="Default test" duration-ms="28596" started-at="2018-07-21T07:28:29Z" finished-at="2018-07-21T07:28:57Z">
      <class name="Configuration.Toolqa_registration">
        <test-method status="PASS" signature="start_toolsQAregistration()[pri:0, instance:Configuration.Toolqa_registration@5e3a8624]" name="start_toolsQAregistration" duration-ms="28501" started-at="2018-07-21T07:28:29Z" finished-at="2018-07-21T07:28:57Z">
          <reporter-output>
          </reporter-output>
        </test-method> <!-- start_toolsQAregistration -->
      </class> <!-- Configuration.Toolqa_registration -->
    </test> <!-- Default test -->
  </suite> <!-- Suite -->
</testng-results>
